<?xml version="1.0" encoding="UTF-8"?>
<!-- Generated by org.testng.reporters.JUnitXMLReporter -->
<testsuite hostname="DESKTOP-CD955F8" name="Test" tests="3" failures="0" timestamp="18 Apr 2023 01:00:41 GMT" time="0.038" errors="0">
  <testcase name="add" time="0.011" classname="SeleniumProject.SeleniumProject.TestNG"/>
  <testcase name="mul" time="0.002" classname="SeleniumProject.SeleniumProject.TestNG"/>
  <testcase name="sub" time="0.007" classname="SeleniumProject.SeleniumProject.TestNG"/>
</testsuite> <!-- Test -->
