<?xml version="1.0" encoding="UTF-8"?>
<testng-results total="1" passed="1" failed="0" skipped="0">
  <reporter-output>
  </reporter-output>
  <suite started-at="2023-10-11T11:01:04Z" name="Default suite" finished-at="2023-10-11T11:01:59Z" duration-ms="54982">
    <groups>
    </groups>
    <test started-at="2023-10-11T11:01:04Z" name="Default test" finished-at="2023-10-11T11:01:59Z" duration-ms="54982">
      <class name="org.Toyota.TestCaseScripts.CardHolder">
        <test-method is-config="true" signature="beforeMethod()[pri:0, instance:org.Toyota.TestCaseScripts.CardHolder@59b38691]" started-at="2023-10-11T16:31:04Z" name="beforeMethod" finished-at="2023-10-11T16:31:19Z" duration-ms="14983" status="PASS">
          <reporter-output>
          </reporter-output>
        </test-method> <!-- beforeMethod -->
        <test-method signature="badgeAdminLogin()[pri:0, instance:org.Toyota.TestCaseScripts.CardHolder@59b38691]" started-at="2023-10-11T16:31:19Z" name="badgeAdminLogin" finished-at="2023-10-11T16:31:59Z" duration-ms="39821" status="PASS">
          <reporter-output>
          </reporter-output>
        </test-method> <!-- badgeAdminLogin -->
        <test-method is-config="true" signature="afterMethod()[pri:0, instance:org.Toyota.TestCaseScripts.CardHolder@59b38691]" started-at="2023-10-11T16:31:59Z" name="afterMethod" finished-at="2023-10-11T16:31:59Z" duration-ms="168" status="PASS">
          <reporter-output>
          </reporter-output>
        </test-method> <!-- afterMethod -->
        <test-method is-config="true" signature="afterClass()[pri:0, instance:org.Toyota.TestCaseScripts.CardHolder@59b38691]" started-at="2023-10-11T16:31:59Z" name="afterClass" finished-at="2023-10-11T16:31:59Z" duration-ms="0" status="PASS">
          <reporter-output>
          </reporter-output>
        </test-method> <!-- afterClass -->
      </class> <!-- org.Toyota.TestCaseScripts.CardHolder -->
    </test> <!-- Default test -->
  </suite> <!-- Default suite -->
</testng-results>
